-------------------------------------------------------------------------------
Test set: JUnit5-maven Smoke Suite
-------------------------------------------------------------------------------
Tests run: 4, Failures: 1, Errors: 0, Skipped: 0, Time elapsed: 3.137 s <<< FAILURE! - in JUnit5-maven Smoke Suite
shouldAnswerWithFail  Time elapsed: 0.009 s  <<< FAILURE!
org.opentest4j.AssertionFailedError: expected: <true> but was: <false>
	at com.junit5.maven.AppTest.shouldAnswerWithFail(AppTest.java:25)

