<?xml version="1.0" encoding="UTF-8"?>
<testsuite xmlns:xsi="http://www.w3.org/2001/XMLSchema-instance" xsi:noNamespaceSchemaLocation="https://maven.apache.org/surefire/maven-surefire-plugin/xsd/surefire-test-report.xsd" name="JUnit5-maven Smoke Suite" time="3.137" tests="4" errors="0" skipped="0" failures="1">
  <properties>
[...]
</properties>
  <testcase name="testGoogleMonHealth" classname="com.junit5.maven.GoogleHealthCheckTest" time="1.557"/>
  <testcase name="testYahooMonHealth" classname="com.junit5.maven.GoogleHealthCheckTest" time="1.549"/>
  <testcase name="shouldAnswerWithFail" classname="com.junit5.maven.AppTest" time="0.009">
    <failure message="expected: &lt;true&gt; but was: &lt;false&gt;" type="org.opentest4j.AssertionFailedError"><![CDATA[org.opentest4j.AssertionFailedError: expected: <true> but was: <false>
	at com.junit5.maven.AppTest.shouldAnswerWithFail(AppTest.java:25)
]]></failure>
  </testcase>
  <testcase name="shouldAnswerWithTrue" classname="com.junit5.maven.AppTest" time="0.001"/>
</testsuite>